mode: set
project/controller/bookController.go:13.47,20.2 2 1
project/controller/bookController.go:23.49,32.2 4 1
project/controller/bookController.go:35.46,39.73 3 1
project/controller/bookController.go:39.73,41.3 1 1
project/controller/bookController.go:43.2,46.4 1 1
project/controller/bookController.go:50.49,54.73 3 1
project/controller/bookController.go:54.73,56.3 1 1
project/controller/bookController.go:58.2,65.4 3 1
project/controller/bookController.go:69.49,75.30 4 1
project/controller/bookController.go:75.30,77.3 1 1
project/controller/bookController.go:79.2,81.4 1 1
project/controller/userController.go:15.47,22.2 2 1
project/controller/userController.go:25.49,34.2 4 1
project/controller/userController.go:37.46,41.73 3 1
project/controller/userController.go:41.73,43.3 1 1
project/controller/userController.go:45.2,48.4 1 1
project/controller/userController.go:52.49,56.73 3 1
project/controller/userController.go:56.73,58.3 1 1
project/controller/userController.go:60.2,66.4 3 1
project/controller/userController.go:70.49,76.30 4 1
project/controller/userController.go:76.30,78.3 1 1
project/controller/userController.go:80.2,82.4 1 1
project/controller/userController.go:85.48,89.116 3 1
project/controller/userController.go:89.116,91.3 1 0
project/controller/userController.go:93.2,95.16 2 1
project/controller/userController.go:95.16,97.3 1 0
project/controller/userController.go:99.2,109.4 2 1
