mode: set
belajar-go-echo/controller/user_controller.go:17.42,18.36 1 1
belajar-go-echo/controller/user_controller.go:18.36,21.17 3 1
belajar-go-echo/controller/user_controller.go:21.17,25.4 1 1
belajar-go-echo/controller/user_controller.go:26.3,28.5 1 1
belajar-go-echo/controller/user_controller.go:32.41,34.36 2 1
belajar-go-echo/controller/user_controller.go:34.36,36.17 2 1
belajar-go-echo/controller/user_controller.go:36.17,40.4 1 1
belajar-go-echo/controller/user_controller.go:41.3,43.5 1 1
